<?xml version="1.0" encoding="UTF-8"?>
<!-- Generated by org.testng.reporters.JUnitXMLReporter -->
<testsuite ignored="0" hostname="DESKTOP-C72THC8" failures="1" tests="2" name="Test" time="17.214" errors="0" timestamp="2024-02-20T17:53:18 IST">
  <testcase classname="UI.TestClass" name="Test1" time="7.229">
    <failure type="java.lang.AssertionError" message="expected [ROhan] but found [ram]">
      <![CDATA[java.lang.AssertionError: expected [ROhan] but found [ram]
at UI.TestClass.Test1(TestClass.java:15)
at java.base/java.util.ArrayList.forEach(ArrayList.java:1511)
... Removed 33 stack frames]]>
    </failure>
  </testcase> <!-- Test1 -->
  <testcase classname="UI.TestClass" name="Test2" time="9.845"/>
</testsuite> <!-- Test -->
